2025-07-18 10:45:40 [restartedMain] INFO  com.swen.news.NewsApplication - Starting NewsApplication using Java 17.0.15 with PID 18580 (C:\Users\ysurk\news\build\classes\java\main started by ysurk in C:\Users\ysurk\news)
2025-07-18 10:45:40 [restartedMain] INFO  com.swen.news.NewsApplication - The following 2 profiles are active: "local", "mysql"
2025-07-18 10:45:41 [restartedMain] INFO  o.s.b.d.restart.ChangeableUrls - The Class-Path manifest attribute in C:\Users\ysurk\.gradle\caches\modules-2\files-2.1\io.github.cdimascio\java-dotenv\5.2.2\f77d54ff193ed4b07415ab8d7b3d0550716aa8c\java-dotenv-5.2.2.jar referenced one or more files that do not exist: file:/C:/Users/ysurk/.gradle/caches/modules-2/files-2.1/io.github.cdimascio/java-dotenv/5.2.2/f77d54ff193ed4b07415ab8d7b3d0550716aa8c/kotlin-stdlib-1.4.0.jar,file:/C:/Users/ysurk/.gradle/caches/modules-2/files-2.1/io.github.cdimascio/java-dotenv/5.2.2/f77d54ff193ed4b07415ab8d7b3d0550716aa8c/kotlin-stdlib-common-1.4.0.jar,file:/C:/Users/ysurk/.gradle/caches/modules-2/files-2.1/io.github.cdimascio/java-dotenv/5.2.2/f77d54ff193ed4b07415ab8d7b3d0550716aa8c/annotations-13.0.jar
2025-07-18 10:45:41 [restartedMain] INFO  o.s.b.d.e.DevToolsPropertyDefaultsPostProcessor - Devtools property defaults active! Set 'spring.devtools.add-properties' to 'false' to disable
2025-07-18 10:45:41 [restartedMain] INFO  o.s.b.d.e.DevToolsPropertyDefaultsPostProcessor - For additional web related logging consider setting the 'logging.level.web' property to 'DEBUG'
2025-07-18 10:45:45 [restartedMain] INFO  o.s.d.r.c.RepositoryConfigurationDelegate - Bootstrapping Spring Data JPA repositories in DEFAULT mode.
2025-07-18 10:45:45 [restartedMain] INFO  o.s.d.r.c.RepositoryConfigurationDelegate - Finished Spring Data repository scanning in 197 ms. Found 1 JPA repository interface.
2025-07-18 10:45:46 [restartedMain] INFO  o.s.cloud.context.scope.GenericScope - BeanFactory id=3c9cd0f4-ef47-3a0a-8b3f-4f242cc3c19d
2025-07-18 10:45:49 [restartedMain] INFO  o.s.b.w.e.tomcat.TomcatWebServer - Tomcat initialized with port 8080 (http)
2025-07-18 10:45:49 [restartedMain] INFO  o.a.catalina.core.StandardService - Starting service [Tomcat]
2025-07-18 10:45:49 [restartedMain] INFO  o.a.catalina.core.StandardEngine - Starting Servlet engine: [Apache Tomcat/10.1.42]
2025-07-18 10:45:49 [restartedMain] INFO  o.a.c.c.C.[Tomcat].[localhost].[/] - Initializing Spring embedded WebApplicationContext
2025-07-18 10:45:49 [restartedMain] INFO  o.s.b.w.s.c.ServletWebServerApplicationContext - Root WebApplicationContext: initialization completed in 8222 ms
2025-07-18 10:45:49 [restartedMain] INFO  o.h.jpa.internal.util.LogHelper - HHH000204: Processing PersistenceUnitInfo [name: default]
2025-07-18 10:45:50 [restartedMain] INFO  org.hibernate.Version - HHH000412: Hibernate ORM core version 6.6.18.Final
2025-07-18 10:45:50 [restartedMain] INFO  o.h.c.i.RegionFactoryInitiator - HHH000026: Second-level cache disabled
2025-07-18 10:45:51 [restartedMain] INFO  o.s.o.j.p.SpringPersistenceUnitInfo - No LoadTimeWeaver setup: ignoring JPA class transformer
2025-07-18 10:45:51 [restartedMain] INFO  com.zaxxer.hikari.HikariDataSource - HikariPool-1 - Starting...
2025-07-18 10:45:52 [restartedMain] INFO  com.zaxxer.hikari.pool.HikariPool - HikariPool-1 - Added connection com.mysql.cj.jdbc.ConnectionImpl@47b4d3bb
2025-07-18 10:45:52 [restartedMain] INFO  com.zaxxer.hikari.HikariDataSource - HikariPool-1 - Start completed.
2025-07-18 10:45:53 [restartedMain] INFO  o.hibernate.orm.connections.pooling - HHH10001005: Database info:
	Database JDBC URL [Connecting through datasource 'HikariDataSource (HikariPool-1)']
	Database driver: undefined/unknown
	Database version: 8.0.42
	Autocommit mode: undefined/unknown
	Isolation level: undefined/unknown
	Minimum pool size: undefined/unknown
	Maximum pool size: undefined/unknown
2025-07-18 10:45:56 [restartedMain] INFO  o.h.e.t.j.p.i.JtaPlatformInitiator - HHH000489: No JTA platform available (set 'hibernate.transaction.jta.platform' to enable JTA platform integration)
2025-07-18 10:45:56 [restartedMain] INFO  o.s.o.j.LocalContainerEntityManagerFactoryBean - Initialized JPA EntityManagerFactory for persistence unit 'default'
2025-07-18 10:45:57 [restartedMain] WARN  o.s.b.a.o.j.JpaBaseConfiguration$JpaWebConfiguration - spring.jpa.open-in-view is enabled by default. Therefore, database queries may be performed during view rendering. Explicitly configure spring.jpa.open-in-view to disable this warning
2025-07-18 10:45:57 [restartedMain] INFO  o.s.b.d.a.OptionalLiveReloadServer - LiveReload server is running on port 35729
2025-07-18 10:45:58 [restartedMain] INFO  c.s.n.g.config.ObjectStorageConfig - NCP Object Storage S3Client 설정 - endpoint: https://kr.object.ncloudstorage.com, region: kr
2025-07-18 10:46:02 [restartedMain] DEBUG o.s.w.s.m.m.a.RequestMappingHandlerMapping - 25 mappings in 'requestMappingHandlerMapping'
2025-07-18 10:46:02 [restartedMain] DEBUG o.s.w.s.h.SimpleUrlHandlerMapping - Patterns [/webjars/**, /**, /swagger-ui*/*swagger-initializer.js, /swagger-ui*/**] in 'resourceHandlerMapping'
2025-07-18 10:46:02 [restartedMain] DEBUG o.s.s.c.a.a.c.AuthenticationConfiguration$DefaultPasswordEncoderAuthenticationManagerBuilder - No authenticationProviders and no parentAuthenticationManager defined. Returning null.
2025-07-18 10:46:04 [restartedMain] DEBUG o.s.s.web.DefaultSecurityFilterChain - Will secure any request with filters: DisableEncodeUrlFilter, WebAsyncManagerIntegrationFilter, SecurityContextHolderFilter, HeaderWriterFilter, CorsFilter, LogoutFilter, OAuth2AuthorizationRequestRedirectFilter, OAuth2LoginAuthenticationFilter, DefaultResourcesFilter, DefaultLoginPageGeneratingFilter, DefaultLogoutPageGeneratingFilter, RequestCacheAwareFilter, SecurityContextHolderAwareRequestFilter, AnonymousAuthenticationFilter, SessionManagementFilter, ExceptionTranslationFilter, AuthorizationFilter
2025-07-18 10:46:04 [restartedMain] DEBUG o.s.w.s.m.m.a.RequestMappingHandlerAdapter - ControllerAdvice beans: 0 @ModelAttribute, 0 @InitBinder, 1 RequestBodyAdvice, 2 ResponseBodyAdvice
2025-07-18 10:46:04 [restartedMain] DEBUG o.s.w.s.m.m.a.ExceptionHandlerExceptionResolver - ControllerAdvice beans: 2 @ExceptionHandler, 2 ResponseBodyAdvice
2025-07-18 10:46:08 [restartedMain] INFO  o.s.b.w.e.tomcat.TomcatWebServer - Tomcat started on port 8080 (http) with context path '/'
2025-07-18 10:46:09 [restartedMain] INFO  com.swen.news.NewsApplication - Started NewsApplication in 32.42 seconds (process running for 34.808)
